4,x
4,-
4,+
5,x
4,-
4,x
4,+
5,-
4,-
4,+
5,-
4,-
4,x
4,-
4,+
5,x
4,-
4,+
5,+
6,x
5,+
6,x
5,+
6,+
7,+
8,-
7,-
6,x
5,x
4,x
4,+
5,x
4,+
5,x
4,+
5,x
4,-
4,+
5,-
4,+
5,+
6,+
7,-
6,+
7,+
8,+
9,+
10,+
11,x
10,x
9,x
8,+
9,-
8,-
7,x
6,-
5,-
4,+
5,+
6,+
7,-
6,x
5,-
4,-
4,x
4,+
5,+
6,+
7,-
6,+
7,+
8,+
9,x
8,x
7,x
6,x
5,+
6,+
7,-
6,x
5,+
6,x
5,+
6,+
7,x
6,x
5,-
4,-
4,+
5,+
6,x
5,x
4,-
4,+
5,+
6,-
5,-
4,+
5,+
6,-
5,+
6,x
5,-
4,+
5,-
4,-
4,-
4,+
5,+
6,+
7,+
8,+
9,+
10,+
11,x
10,+
11,x
10,x
9,x
8,+
9,-
8,-
7,+
8,+
9,x
8,+
9,-
8,-
7,+
8,x
7,-
6,+
7,+
8,+
9,x
8,+
9,+
10,+
11,+
12,x
11,x
10,+
11,x
10,+
11,+
12,x
11,x
10,x
9,+
10,x
9,-
8,x
7,x
6,+
7,+
8,-
7,+
8,+
9,+
10,+
11,x
10,x
9,+
10,+
11,+
12,x
11,+
12,+
13,x
12,x
11,x
10,x
9,+
10,x
9,+
10,x
9,x
8,x
7,-
6,+
7,+
8,x
7,-
6,x
5,+
6,x
5,+
6,x
5,-
4,-
4,-
4,x
4,+
5,+
6,+
7,-
6,+
7,-
6,+
7,x
6,-
5,-
4,-
4,+
5,+
6,+
7,x
6,+
7,x
6,+
7,+
8,+
9,+
10,x
9,+
10,x
9,x
8,+
9,+
10,+
11,x
10,x
9,+
10,x
9,-
8,-
7,+
8,+
9,+
10,+
11,+
12,+
13,x
